<?xml version="1.0" encoding="UTF-8"?>
<!-- Generated by org.testng.reporters.JUnitReportReporter -->
<testsuite hostname="LPTP-421" failures="0" tests="1" name="com.ui.qa.testcases.HomePageTest" time="3.314" errors="0" timestamp="2023-05-10T13:30:31 PKT" skipped="0">
  <testcase classname="com.ui.qa.testcases.HomePageTest" name="validateHomePageHeader" time="3.314"/>
  <system-out/>
</testsuite> <!-- com.ui.qa.testcases.HomePageTest -->
