<?xml version="1.0" encoding="UTF-8"?>
<!-- Generated by org.testng.reporters.JUnitReportReporter -->
<testsuite hostname="LPTP-421" failures="0" tests="1" name="com.ui.qa.testcases.LoginTest" time="3.483" errors="0" timestamp="2023-03-29T16:15:41 PKT" skipped="0">
  <testcase classname="com.ui.qa.testcases.LoginTest" name="loginTest" time="3.483"/>
  <system-out/>
</testsuite> <!-- com.ui.qa.testcases.LoginTest -->
