<?xml version="1.0" encoding="UTF-8"?>
<!-- Generated by org.testng.reporters.JUnitReportReporter -->
<testsuite hostname="LPTP-421" failures="0" tests="2" name="com.ui.qa.testcases.InventoryPageTest" time="6.034" errors="0" timestamp="2023-05-24T13:59:19 PKT" skipped="0">
  <testcase classname="com.ui.qa.testcases.InventoryPageTest" name="validateInventoryPageHeader" time="2.956"/>
  <system-out/>
  <testcase classname="com.ui.qa.testcases.InventoryPageTest" name="addAllItemsToCart" time="3.078"/>
  <system-out/>
</testsuite> <!-- com.ui.qa.testcases.InventoryPageTest -->
