<?xml version="1.0" encoding="UTF-8"?>
<!-- Generated by org.testng.reporters.JUnitReportReporter -->
<testsuite hostname="LPTP-421" failures="0" tests="1" name="com.ui.qa.testcases.LoginPageTest" time="3.368" errors="0" timestamp="2023-05-09T16:08:37 PKT" skipped="0">
  <testcase classname="com.ui.qa.testcases.LoginPageTest" name="loginTest" time="3.368"/>
  <system-out/>
</testsuite> <!-- com.ui.qa.testcases.LoginPageTest -->
