<?xml version="1.0" encoding="UTF-8"?>
<!-- Generated by org.testng.reporters.JUnitReportReporter -->
<testsuite hostname="LPTP-421" failures="0" tests="1" name="com.ui.qa.testcases.InventoryPageTest" time="4.269" errors="0" timestamp="2023-05-25T14:17:31 PKT" skipped="0">
  <testcase classname="com.ui.qa.testcases.InventoryPageTest" name="addProductsToCart" time="4.269"/>
  <system-out/>
</testsuite> <!-- com.ui.qa.testcases.InventoryPageTest -->
