<?xml version="1.0" encoding="UTF-8"?>
<!-- Generated by org.testng.reporters.JUnitReportReporter -->
<testsuite hostname="LPTP-421" failures="0" tests="1" name="com.ui.qa.testcases.LoginPageTest" time="4.511" errors="0" timestamp="2023-05-24T13:59:19 PKT" skipped="0">
  <testcase classname="com.ui.qa.testcases.LoginPageTest" name="loginTest" time="4.511"/>
  <system-out/>
</testsuite> <!-- com.ui.qa.testcases.LoginPageTest -->
