<?xml version="1.0" encoding="UTF-8"?>
<!-- Generated by org.testng.reporters.JUnitReportReporter -->
<testsuite hostname="LPTP-421" failures="0" tests="2" name="com.ui.qa.testcases.LoginPageTest" time="6.269" errors="0" timestamp="2023-05-24T15:59:21 PKT" skipped="0">
  <testcase classname="com.ui.qa.testcases.LoginPageTest" name="test1" time="2.492"/>
  <system-out/>
  <testcase classname="com.ui.qa.testcases.LoginPageTest" name="loginTest" time="3.777"/>
  <system-out/>
</testsuite> <!-- com.ui.qa.testcases.LoginPageTest -->
